<?xml version="1.0" encoding="UTF-8"?>
<!-- Generated by org.testng.reporters.JUnitReportReporter -->
<testsuite skipped="0" hostname="Rakesh" name="com.testCase.TestCase_W" tests="3" failures="0" timestamp="04 May 2021 04:40:33 GMT" time="27.340" errors="0">
  <testcase name="getItems" time="10.259" classname="com.testCase.TestCase_W"/>
  <testcase name="getItems" time="8.004" classname="com.testCase.TestCase_W"/>
  <testcase name="getItems" time="9.077" classname="com.testCase.TestCase_W"/>
</testsuite> <!-- com.testCase.TestCase_W -->
